WARNING:py.warnings:/home/sshamsi/miniconda3/envs/marvin/lib/python3.9/site-packages/marvin/utils/general/general.py:355: MarvinUserWarning: more than one plate-ifu found for mangaid=1-26306. Using the one with the highest SN2.
  warnings.warn('more than one plate-ifu found for mangaid={0}. '

WARNING:py.warnings:/home/sshamsi/miniconda3/envs/marvin/lib/python3.9/site-packages/marvin/utils/general/general.py:355: MarvinUserWarning: more than one plate-ifu found for mangaid=1-177250. Using the one with the highest SN2.
  warnings.warn('more than one plate-ifu found for mangaid={0}. '

WARNING:py.warnings:/home/sshamsi/miniconda3/envs/marvin/lib/python3.9/site-packages/marvin/utils/general/general.py:355: MarvinUserWarning: more than one plate-ifu found for mangaid=1-113525. Using the one with the highest SN2.
  warnings.warn('more than one plate-ifu found for mangaid={0}. '

WARNING:py.warnings:/home/sshamsi/miniconda3/envs/marvin/lib/python3.9/site-packages/marvin/utils/general/general.py:355: MarvinUserWarning: more than one plate-ifu found for mangaid=1-179170. Using the one with the highest SN2.
  warnings.warn('more than one plate-ifu found for mangaid={0}. '

WARNING:py.warnings:/home/sshamsi/miniconda3/envs/marvin/lib/python3.9/site-packages/marvin/utils/general/general.py:355: MarvinUserWarning: more than one plate-ifu found for mangaid=1-179024. Using the one with the highest SN2.
  warnings.warn('more than one plate-ifu found for mangaid={0}. '

WARNING:py.warnings:/home/sshamsi/miniconda3/envs/marvin/lib/python3.9/site-packages/marvin/utils/general/general.py:355: MarvinUserWarning: more than one plate-ifu found for mangaid=1-635503. Using the one with the highest SN2.
  warnings.warn('more than one plate-ifu found for mangaid={0}. '

WARNING:py.warnings:/home/sshamsi/miniconda3/envs/marvin/lib/python3.9/site-packages/marvin/utils/general/general.py:355: MarvinUserWarning: more than one plate-ifu found for mangaid=1-210186. Using the one with the highest SN2.
  warnings.warn('more than one plate-ifu found for mangaid={0}. '

WARNING:py.warnings:/home/sshamsi/miniconda3/envs/marvin/lib/python3.9/site-packages/marvin/utils/general/general.py:355: MarvinUserWarning: more than one plate-ifu found for mangaid=1-319387. Using the one with the highest SN2.
  warnings.warn('more than one plate-ifu found for mangaid={0}. '

WARNING:py.warnings:/home/sshamsi/miniconda3/envs/marvin/lib/python3.9/site-packages/marvin/utils/general/general.py:355: MarvinUserWarning: more than one plate-ifu found for mangaid=1-211017. Using the one with the highest SN2.
  warnings.warn('more than one plate-ifu found for mangaid={0}. '

WARNING:py.warnings:/home/sshamsi/miniconda3/envs/marvin/lib/python3.9/site-packages/marvin/utils/general/general.py:355: MarvinUserWarning: more than one plate-ifu found for mangaid=1-166919. Using the one with the highest SN2.
  warnings.warn('more than one plate-ifu found for mangaid={0}. '

WARNING:py.warnings:/home/sshamsi/miniconda3/envs/marvin/lib/python3.9/site-packages/marvin/utils/general/general.py:355: MarvinUserWarning: more than one plate-ifu found for mangaid=1-247082. Using the one with the highest SN2.
  warnings.warn('more than one plate-ifu found for mangaid={0}. '

WARNING:py.warnings:/home/sshamsi/miniconda3/envs/marvin/lib/python3.9/site-packages/marvin/utils/general/general.py:355: MarvinUserWarning: more than one plate-ifu found for mangaid=1-178927. Using the one with the highest SN2.
  warnings.warn('more than one plate-ifu found for mangaid={0}. '

WARNING:py.warnings:/home/sshamsi/miniconda3/envs/marvin/lib/python3.9/site-packages/marvin/utils/general/general.py:355: MarvinUserWarning: more than one plate-ifu found for mangaid=1-634132. Using the one with the highest SN2.
  warnings.warn('more than one plate-ifu found for mangaid={0}. '

WARNING:py.warnings:/home/sshamsi/miniconda3/envs/marvin/lib/python3.9/site-packages/marvin/utils/general/general.py:355: MarvinUserWarning: more than one plate-ifu found for mangaid=1-277103. Using the one with the highest SN2.
  warnings.warn('more than one plate-ifu found for mangaid={0}. '

WARNING:py.warnings:/home/sshamsi/miniconda3/envs/marvin/lib/python3.9/site-packages/marvin/utils/general/general.py:355: MarvinUserWarning: more than one plate-ifu found for mangaid=1-286805. Using the one with the highest SN2.
  warnings.warn('more than one plate-ifu found for mangaid={0}. '

WARNING:py.warnings:/home/sshamsi/miniconda3/envs/marvin/lib/python3.9/site-packages/marvin/utils/general/general.py:355: MarvinUserWarning: more than one plate-ifu found for mangaid=1-319368. Using the one with the highest SN2.
  warnings.warn('more than one plate-ifu found for mangaid={0}. '

WARNING:py.warnings:/home/sshamsi/miniconda3/envs/marvin/lib/python3.9/site-packages/marvin/utils/general/general.py:355: MarvinUserWarning: more than one plate-ifu found for mangaid=1-210700. Using the one with the highest SN2.
  warnings.warn('more than one plate-ifu found for mangaid={0}. '

WARNING:py.warnings:/home/sshamsi/miniconda3/envs/marvin/lib/python3.9/site-packages/marvin/utils/general/general.py:355: MarvinUserWarning: more than one plate-ifu found for mangaid=1-211368. Using the one with the highest SN2.
  warnings.warn('more than one plate-ifu found for mangaid={0}. '

WARNING:py.warnings:/home/sshamsi/miniconda3/envs/marvin/lib/python3.9/site-packages/marvin/utils/general/general.py:355: MarvinUserWarning: more than one plate-ifu found for mangaid=1-179247. Using the one with the highest SN2.
  warnings.warn('more than one plate-ifu found for mangaid={0}. '

DEBUG:parso.python.diff:diff parser start
DEBUG:parso.python.diff:line_lengths old: 1; new: 1
DEBUG:parso.python.diff:-> code[replace] old[1:1] new[1:1]
DEBUG:parso.python.diff:parse_part from 1 to 1 (to 0 in part parser)
DEBUG:parso.python.diff:diff parser end
DEBUG:parso.python.diff:diff parser start
DEBUG:parso.python.diff:line_lengths old: 1; new: 1
DEBUG:parso.python.diff:-> code[replace] old[1:1] new[1:1]
DEBUG:parso.python.diff:parse_part from 1 to 1 (to 0 in part parser)
DEBUG:parso.python.diff:diff parser end
DEBUG:parso.cache:pickle loaded: /home/sshamsi/miniconda3/envs/marvin/lib/python3.9/site-packages/numpy/__init__.py
DEBUG:parso.cache:pickle loaded: /home/sshamsi/miniconda3/envs/marvin/lib/python3.9/site-packages/numpy/lib/npyio.py
DEBUG:parso.cache:pickle loaded: /home/sshamsi/miniconda3/envs/marvin/lib/python3.9/site-packages/jedi/third_party/typeshed/stdlib/2and3/builtins.pyi
DEBUG:parso.cache:pickle loaded: /home/sshamsi/miniconda3/envs/marvin/lib/python3.9/site-packages/jedi/third_party/typeshed/stdlib/3/sys.pyi
DEBUG:parso.python.diff:diff parser start
DEBUG:parso.python.diff:line_lengths old: 1; new: 1
DEBUG:parso.python.diff:-> code[replace] old[1:1] new[1:1]
DEBUG:parso.python.diff:parse_part from 1 to 1 (to 0 in part parser)
DEBUG:parso.python.diff:diff parser end
